Log opened at 2016-03-14 08:33:35
I: Checking remote connect back address.
I: Checking header 'HTTP_X_FORWARDED_FOR'.
I: Remote address found, connecting to 192.168.99.1:9000.
E: Could not connect to client. :-(
Log closed at 2016-03-14 08:33:35

Log opened at 2016-03-14 08:33:35
I: Checking remote connect back address.
I: Checking header 'HTTP_X_FORWARDED_FOR'.
I: Remote address found, connecting to 192.168.99.1:9000.
E: Could not connect to client. :-(
Log closed at 2016-03-14 08:33:35

Log opened at 2016-03-14 08:33:35
I: Checking remote connect back address.
I: Checking header 'HTTP_X_FORWARDED_FOR'.
I: Remote address found, connecting to 192.168.99.1:9000.
E: Could not connect to client. :-(
Log closed at 2016-03-14 08:33:35

Log opened at 2016-03-14 08:33:35
I: Checking remote connect back address.
I: Checking header 'HTTP_X_FORWARDED_FOR'.
I: Remote address found, connecting to 192.168.99.1:9000.
E: Could not connect to client. :-(
Log closed at 2016-03-14 08:33:35

Log opened at 2016-03-14 08:33:35
I: Checking remote connect back address.
I: Checking header 'HTTP_X_FORWARDED_FOR'.
I: Remote address found, connecting to 192.168.99.1:9000.
E: Could not connect to client. :-(
Log closed at 2016-03-14 08:33:35

Log opened at 2016-03-14 08:33:36
I: Checking remote connect back address.
I: Checking header 'HTTP_X_FORWARDED_FOR'.
I: Remote address found, connecting to 192.168.99.1:9000.
E: Could not connect to client. :-(
Log closed at 2016-03-14 08:33:36

Log opened at 2016-03-14 08:33:36
I: Checking remote connect back address.
I: Checking header 'HTTP_X_FORWARDED_FOR'.
I: Remote address found, connecting to 192.168.99.1:9000.
E: Could not connect to client. :-(
Log closed at 2016-03-14 08:33:36

Log opened at 2016-03-14 08:33:36
I: Checking remote connect back address.
I: Checking header 'HTTP_X_FORWARDED_FOR'.
I: Remote address found, connecting to 192.168.99.1:9000.
E: Could not connect to client. :-(
Log closed at 2016-03-14 08:33:36

Log opened at 2016-03-14 08:33:36
I: Checking remote connect back address.
I: Checking header 'HTTP_X_FORWARDED_FOR'.
I: Remote address found, connecting to 192.168.99.1:9000.
E: Could not connect to client. :-(
Log closed at 2016-03-14 08:33:36

Log opened at 2016-03-14 08:33:36
I: Checking remote connect back address.
I: Checking header 'HTTP_X_FORWARDED_FOR'.
I: Remote address found, connecting to 192.168.99.1:9000.
E: Could not connect to client. :-(
Log closed at 2016-03-14 08:33:36

Log opened at 2016-03-14 08:33:36
I: Checking remote connect back address.
I: Checking header 'HTTP_X_FORWARDED_FOR'.
I: Remote address found, connecting to 192.168.99.1:9000.
E: Could not connect to client. :-(
Log closed at 2016-03-14 08:33:36

Log opened at 2016-03-14 08:33:36
I: Checking remote connect back address.
I: Checking header 'HTTP_X_FORWARDED_FOR'.
I: Remote address found, connecting to 192.168.99.1:9000.
E: Could not connect to client. :-(
Log closed at 2016-03-14 08:33:36

Log opened at 2016-03-14 08:33:36
I: Checking remote connect back address.
I: Checking header 'HTTP_X_FORWARDED_FOR'.
I: Remote address found, connecting to 192.168.99.1:9000.
E: Could not connect to client. :-(
Log closed at 2016-03-14 08:33:36

Log opened at 2016-03-14 08:33:37
I: Checking remote connect back address.
I: Checking header 'HTTP_X_FORWARDED_FOR'.
I: Remote address found, connecting to 192.168.99.1:9000.
E: Could not connect to client. :-(
Log closed at 2016-03-14 08:33:37

Log opened at 2016-03-14 08:33:42
I: Checking remote connect back address.
I: Checking header 'HTTP_X_FORWARDED_FOR'.
I: Remote address found, connecting to 192.168.99.1:9000.
E: Could not connect to client. :-(
Log closed at 2016-03-14 08:33:42

Log opened at 2016-03-14 08:33:43
I: Checking remote connect back address.
I: Checking header 'HTTP_X_FORWARDED_FOR'.
I: Remote address found, connecting to 192.168.99.1:9000.
E: Could not connect to client. :-(
Log closed at 2016-03-14 08:33:43

Log opened at 2016-03-14 08:33:43
I: Checking remote connect back address.
I: Checking header 'HTTP_X_FORWARDED_FOR'.
I: Remote address found, connecting to 192.168.99.1:9000.
E: Could not connect to client. :-(
Log closed at 2016-03-14 08:33:43

Log opened at 2016-03-14 08:33:43
I: Checking remote connect back address.
I: Checking header 'HTTP_X_FORWARDED_FOR'.
I: Remote address found, connecting to 192.168.99.1:9000.
E: Could not connect to client. :-(
Log closed at 2016-03-14 08:33:43

Log opened at 2016-03-14 08:33:43
I: Checking remote connect back address.
I: Checking header 'HTTP_X_FORWARDED_FOR'.
I: Remote address found, connecting to 192.168.99.1:9000.
E: Could not connect to client. :-(
Log closed at 2016-03-14 08:33:43

Log opened at 2016-03-14 08:33:44
I: Checking remote connect back address.
I: Checking header 'HTTP_X_FORWARDED_FOR'.
I: Remote address found, connecting to 192.168.99.1:9000.
E: Could not connect to client. :-(
Log closed at 2016-03-14 08:33:44

Log opened at 2016-03-14 08:33:44
I: Checking remote connect back address.
I: Checking header 'HTTP_X_FORWARDED_FOR'.
I: Remote address found, connecting to 192.168.99.1:9000.
E: Could not connect to client. :-(
Log closed at 2016-03-14 08:33:44

Log opened at 2016-03-14 08:33:44
I: Checking remote connect back address.
I: Checking header 'HTTP_X_FORWARDED_FOR'.
I: Remote address found, connecting to 192.168.99.1:9000.
E: Could not connect to client. :-(
Log closed at 2016-03-14 08:33:44

Log opened at 2016-03-14 08:33:44
I: Checking remote connect back address.
I: Checking header 'HTTP_X_FORWARDED_FOR'.
I: Remote address found, connecting to 192.168.99.1:9000.
E: Could not connect to client. :-(
Log closed at 2016-03-14 08:33:44

Log opened at 2016-03-14 08:33:44
I: Checking remote connect back address.
I: Checking header 'HTTP_X_FORWARDED_FOR'.
I: Remote address found, connecting to 192.168.99.1:9000.
E: Could not connect to client. :-(
Log closed at 2016-03-14 08:33:44

Log opened at 2016-03-14 08:33:44
I: Checking remote connect back address.
I: Checking header 'HTTP_X_FORWARDED_FOR'.
I: Remote address found, connecting to 192.168.99.1:9000.
E: Could not connect to client. :-(
Log closed at 2016-03-14 08:33:44

Log opened at 2016-03-14 08:33:45
I: Checking remote connect back address.
I: Checking header 'HTTP_X_FORWARDED_FOR'.
I: Remote address found, connecting to 192.168.99.1:9000.
E: Could not connect to client. :-(
Log closed at 2016-03-14 08:33:45

Log opened at 2016-03-14 08:33:45
I: Checking remote connect back address.
I: Checking header 'HTTP_X_FORWARDED_FOR'.
I: Remote address found, connecting to 192.168.99.1:9000.
E: Could not connect to client. :-(
Log closed at 2016-03-14 08:33:45

Log opened at 2016-03-14 08:33:45
I: Checking remote connect back address.
I: Checking header 'HTTP_X_FORWARDED_FOR'.
I: Remote address found, connecting to 192.168.99.1:9000.
E: Could not connect to client. :-(
Log closed at 2016-03-14 08:33:45

Log opened at 2016-03-14 08:33:45
I: Checking remote connect back address.
I: Checking header 'HTTP_X_FORWARDED_FOR'.
I: Remote address found, connecting to 192.168.99.1:9000.
E: Could not connect to client. :-(
Log closed at 2016-03-14 08:33:45

Log opened at 2016-03-14 08:33:46
I: Checking remote connect back address.
I: Checking header 'HTTP_X_FORWARDED_FOR'.
I: Remote address found, connecting to 192.168.99.1:9000.
E: Could not connect to client. :-(
Log closed at 2016-03-14 08:33:46

Log opened at 2016-03-14 08:33:46
I: Checking remote connect back address.
I: Checking header 'HTTP_X_FORWARDED_FOR'.
I: Remote address found, connecting to 192.168.99.1:9000.
E: Could not connect to client. :-(
Log closed at 2016-03-14 08:33:46

Log opened at 2016-03-14 08:33:46
I: Checking remote connect back address.
I: Checking header 'HTTP_X_FORWARDED_FOR'.
I: Remote address found, connecting to 192.168.99.1:9000.
E: Could not connect to client. :-(
Log closed at 2016-03-14 08:33:46

Log opened at 2016-03-14 08:33:46
I: Checking remote connect back address.
I: Checking header 'HTTP_X_FORWARDED_FOR'.
I: Remote address found, connecting to 192.168.99.1:9000.
E: Could not connect to client. :-(
Log closed at 2016-03-14 08:33:46

Log opened at 2016-03-14 08:33:47
I: Checking remote connect back address.
I: Checking header 'HTTP_X_FORWARDED_FOR'.
I: Remote address found, connecting to 192.168.99.1:9000.
E: Could not connect to client. :-(
Log closed at 2016-03-14 08:33:47

Log opened at 2016-03-14 08:33:47
I: Checking remote connect back address.
I: Checking header 'HTTP_X_FORWARDED_FOR'.
I: Remote address found, connecting to 192.168.99.1:9000.
E: Could not connect to client. :-(
Log closed at 2016-03-14 08:33:47

Log opened at 2016-03-14 08:33:47
I: Checking remote connect back address.
I: Checking header 'HTTP_X_FORWARDED_FOR'.
I: Remote address found, connecting to 192.168.99.1:9000.
E: Could not connect to client. :-(
Log closed at 2016-03-14 08:33:47

Log opened at 2016-03-14 08:33:47
I: Checking remote connect back address.
I: Checking header 'HTTP_X_FORWARDED_FOR'.
I: Remote address found, connecting to 192.168.99.1:9000.
E: Could not connect to client. :-(
Log closed at 2016-03-14 08:33:47

Log opened at 2016-03-14 08:33:48
I: Checking remote connect back address.
I: Checking header 'HTTP_X_FORWARDED_FOR'.
I: Remote address found, connecting to 192.168.99.1:9000.
E: Could not connect to client. :-(
Log closed at 2016-03-14 08:33:48

Log opened at 2016-03-14 08:33:48
I: Checking remote connect back address.
I: Checking header 'HTTP_X_FORWARDED_FOR'.
I: Remote address found, connecting to 192.168.99.1:9000.
E: Could not connect to client. :-(
Log closed at 2016-03-14 08:33:48

Log opened at 2016-03-14 08:33:48
I: Checking remote connect back address.
I: Checking header 'HTTP_X_FORWARDED_FOR'.
I: Remote address found, connecting to 192.168.99.1:9000.
E: Could not connect to client. :-(
Log closed at 2016-03-14 08:33:48

Log opened at 2016-03-14 08:33:48
I: Checking remote connect back address.
I: Checking header 'HTTP_X_FORWARDED_FOR'.
I: Remote address found, connecting to 192.168.99.1:9000.
E: Could not connect to client. :-(
Log closed at 2016-03-14 08:33:48

Log opened at 2016-03-14 08:33:48
I: Checking remote connect back address.
I: Checking header 'HTTP_X_FORWARDED_FOR'.
I: Remote address found, connecting to 192.168.99.1:9000.
E: Could not connect to client. :-(
Log closed at 2016-03-14 08:33:48

Log opened at 2016-03-14 08:33:49
I: Checking remote connect back address.
I: Checking header 'HTTP_X_FORWARDED_FOR'.
I: Remote address found, connecting to 192.168.99.1:9000.
E: Could not connect to client. :-(
Log closed at 2016-03-14 08:33:49

Log opened at 2016-03-14 08:33:49
I: Checking remote connect back address.
I: Checking header 'HTTP_X_FORWARDED_FOR'.
I: Remote address found, connecting to 192.168.99.1:9000.
E: Could not connect to client. :-(
Log closed at 2016-03-14 08:33:49

Log opened at 2016-03-14 08:33:49
I: Checking remote connect back address.
I: Checking header 'HTTP_X_FORWARDED_FOR'.
I: Remote address found, connecting to 192.168.99.1:9000.
E: Could not connect to client. :-(
Log closed at 2016-03-14 08:33:49

Log opened at 2016-03-14 08:33:49
I: Checking remote connect back address.
I: Checking header 'HTTP_X_FORWARDED_FOR'.
I: Remote address found, connecting to 192.168.99.1:9000.
E: Could not connect to client. :-(
Log closed at 2016-03-14 08:33:49

Log opened at 2016-03-14 08:33:50
I: Checking remote connect back address.
I: Checking header 'HTTP_X_FORWARDED_FOR'.
I: Remote address found, connecting to 192.168.99.1:9000.
E: Could not connect to client. :-(
Log closed at 2016-03-14 08:33:50

Log opened at 2016-03-14 08:33:50
I: Checking remote connect back address.
I: Checking header 'HTTP_X_FORWARDED_FOR'.
I: Remote address found, connecting to 192.168.99.1:9000.
E: Could not connect to client. :-(
Log closed at 2016-03-14 08:33:50

Log opened at 2016-03-14 08:33:50
I: Checking remote connect back address.
I: Checking header 'HTTP_X_FORWARDED_FOR'.
I: Remote address found, connecting to 192.168.99.1:9000.
E: Could not connect to client. :-(
Log closed at 2016-03-14 08:33:50

Log opened at 2016-03-14 08:33:50
I: Checking remote connect back address.
I: Checking header 'HTTP_X_FORWARDED_FOR'.
I: Remote address found, connecting to 192.168.99.1:9000.
E: Could not connect to client. :-(
Log closed at 2016-03-14 08:33:50

Log opened at 2016-03-14 08:33:54
I: Checking remote connect back address.
I: Checking header 'HTTP_X_FORWARDED_FOR'.
I: Remote address found, connecting to 192.168.99.1:9000.
E: Could not connect to client. :-(
Log closed at 2016-03-14 08:33:54

Log opened at 2016-03-14 08:33:54
I: Checking remote connect back address.
I: Checking header 'HTTP_X_FORWARDED_FOR'.
I: Remote address found, connecting to 192.168.99.1:9000.
E: Could not connect to client. :-(
Log closed at 2016-03-14 08:33:54

Log opened at 2016-03-14 08:33:54
I: Checking remote connect back address.
I: Checking header 'HTTP_X_FORWARDED_FOR'.
I: Remote address found, connecting to 192.168.99.1:9000.
E: Could not connect to client. :-(
Log closed at 2016-03-14 08:33:54

Log opened at 2016-03-14 08:33:54
I: Checking remote connect back address.
I: Checking header 'HTTP_X_FORWARDED_FOR'.
I: Remote address found, connecting to 192.168.99.1:9000.
E: Could not connect to client. :-(
Log closed at 2016-03-14 08:33:54

Log opened at 2016-03-14 08:33:55
I: Checking remote connect back address.
I: Checking header 'HTTP_X_FORWARDED_FOR'.
I: Remote address found, connecting to 192.168.99.1:9000.
E: Could not connect to client. :-(
Log closed at 2016-03-14 08:33:55

Log opened at 2016-03-14 08:33:55
I: Checking remote connect back address.
I: Checking header 'HTTP_X_FORWARDED_FOR'.
I: Remote address found, connecting to 192.168.99.1:9000.
E: Could not connect to client. :-(
Log closed at 2016-03-14 08:33:55

Log opened at 2016-03-14 08:33:56
I: Checking remote connect back address.
I: Checking header 'HTTP_X_FORWARDED_FOR'.
I: Remote address found, connecting to 192.168.99.1:9000.
E: Could not connect to client. :-(
Log closed at 2016-03-14 08:33:56

Log opened at 2016-03-14 08:33:57
I: Checking remote connect back address.
I: Checking header 'HTTP_X_FORWARDED_FOR'.
I: Remote address found, connecting to 192.168.99.1:9000.
E: Could not connect to client. :-(
Log closed at 2016-03-14 08:33:57

Log opened at 2016-03-14 08:33:57
I: Checking remote connect back address.
I: Checking header 'HTTP_X_FORWARDED_FOR'.
I: Remote address found, connecting to 192.168.99.1:9000.
E: Could not connect to client. :-(
Log closed at 2016-03-14 08:33:57

Log opened at 2016-03-14 08:33:57
I: Checking remote connect back address.
I: Checking header 'HTTP_X_FORWARDED_FOR'.
I: Remote address found, connecting to 192.168.99.1:9000.
E: Could not connect to client. :-(
Log closed at 2016-03-14 08:33:57

Log opened at 2016-03-14 08:33:57
I: Checking remote connect back address.
I: Checking header 'HTTP_X_FORWARDED_FOR'.
I: Remote address found, connecting to 192.168.99.1:9000.
E: Could not connect to client. :-(
Log closed at 2016-03-14 08:33:57

Log opened at 2016-03-14 08:33:57
I: Checking remote connect back address.
I: Checking header 'HTTP_X_FORWARDED_FOR'.
I: Remote address found, connecting to 192.168.99.1:9000.
E: Could not connect to client. :-(
Log closed at 2016-03-14 08:33:57

Log opened at 2016-03-14 08:34:03
I: Checking remote connect back address.
I: Checking header 'HTTP_X_FORWARDED_FOR'.
I: Remote address found, connecting to 192.168.99.1:9000.
E: Could not connect to client. :-(
Log closed at 2016-03-14 08:34:03

Log opened at 2016-03-14 08:34:03
I: Checking remote connect back address.
I: Checking header 'HTTP_X_FORWARDED_FOR'.
I: Remote address found, connecting to 192.168.99.1:9000.
E: Could not connect to client. :-(
Log closed at 2016-03-14 08:34:03

Log opened at 2016-03-14 08:34:03
I: Checking remote connect back address.
I: Checking header 'HTTP_X_FORWARDED_FOR'.
I: Remote address found, connecting to 192.168.99.1:9000.
E: Could not connect to client. :-(
Log closed at 2016-03-14 08:34:03

Log opened at 2016-03-14 08:34:04
I: Checking remote connect back address.
I: Checking header 'HTTP_X_FORWARDED_FOR'.
I: Remote address found, connecting to 192.168.99.1:9000.
E: Could not connect to client. :-(
Log closed at 2016-03-14 08:34:04

Log opened at 2016-03-14 08:34:04
I: Checking remote connect back address.
I: Checking header 'HTTP_X_FORWARDED_FOR'.
I: Remote address found, connecting to 192.168.99.1:9000.
E: Could not connect to client. :-(
Log closed at 2016-03-14 08:34:04

Log opened at 2016-03-14 08:34:04
I: Checking remote connect back address.
I: Checking header 'HTTP_X_FORWARDED_FOR'.
I: Remote address found, connecting to 192.168.99.1:9000.
E: Could not connect to client. :-(
Log closed at 2016-03-14 08:34:04

Log opened at 2016-03-14 08:34:04
I: Checking remote connect back address.
I: Checking header 'HTTP_X_FORWARDED_FOR'.
I: Remote address found, connecting to 192.168.99.1:9000.
E: Could not connect to client. :-(
Log closed at 2016-03-14 08:34:04

Log opened at 2016-03-14 08:34:15
I: Checking remote connect back address.
I: Checking header 'HTTP_X_FORWARDED_FOR'.
I: Remote address found, connecting to 192.168.99.1:9000.
E: Could not connect to client. :-(
Log closed at 2016-03-14 08:34:15

Log opened at 2016-03-14 08:34:16
I: Checking remote connect back address.
I: Checking header 'HTTP_X_FORWARDED_FOR'.
I: Remote address found, connecting to 192.168.99.1:9000.
E: Could not connect to client. :-(
Log closed at 2016-03-14 08:34:16

Log opened at 2016-03-14 08:34:16
I: Checking remote connect back address.
I: Checking header 'HTTP_X_FORWARDED_FOR'.
I: Remote address found, connecting to 192.168.99.1:9000.
E: Could not connect to client. :-(
Log closed at 2016-03-14 08:34:16

Log opened at 2016-03-14 08:34:16
I: Checking remote connect back address.
I: Checking header 'HTTP_X_FORWARDED_FOR'.
I: Remote address found, connecting to 192.168.99.1:9000.
E: Could not connect to client. :-(
Log closed at 2016-03-14 08:34:16

Log opened at 2016-03-14 08:34:16
I: Checking remote connect back address.
I: Checking header 'HTTP_X_FORWARDED_FOR'.
I: Remote address found, connecting to 192.168.99.1:9000.
E: Could not connect to client. :-(
Log closed at 2016-03-14 08:34:16

Log opened at 2016-03-14 08:34:16
I: Checking remote connect back address.
I: Checking header 'HTTP_X_FORWARDED_FOR'.
I: Remote address found, connecting to 192.168.99.1:9000.
E: Could not connect to client. :-(
Log closed at 2016-03-14 08:34:16

Log opened at 2016-03-14 08:34:16
I: Checking remote connect back address.
I: Checking header 'HTTP_X_FORWARDED_FOR'.
I: Remote address found, connecting to 192.168.99.1:9000.
E: Could not connect to client. :-(
Log closed at 2016-03-14 08:34:16

Log opened at 2016-03-14 08:34:16
I: Checking remote connect back address.
I: Checking header 'HTTP_X_FORWARDED_FOR'.
I: Remote address found, connecting to 192.168.99.1:9000.
E: Could not connect to client. :-(
Log closed at 2016-03-14 08:34:16

Log opened at 2016-03-14 08:34:16
I: Checking remote connect back address.
I: Checking header 'HTTP_X_FORWARDED_FOR'.
I: Remote address found, connecting to 192.168.99.1:9000.
E: Could not connect to client. :-(
Log closed at 2016-03-14 08:34:16

Log opened at 2016-03-14 08:34:16
I: Checking remote connect back address.
I: Checking header 'HTTP_X_FORWARDED_FOR'.
I: Remote address found, connecting to 192.168.99.1:9000.
E: Could not connect to client. :-(
Log closed at 2016-03-14 08:34:16

Log opened at 2016-03-14 08:34:16
I: Checking remote connect back address.
I: Checking header 'HTTP_X_FORWARDED_FOR'.
I: Remote address found, connecting to 192.168.99.1:9000.
E: Could not connect to client. :-(
Log closed at 2016-03-14 08:34:16

Log opened at 2016-03-14 08:34:17
I: Checking remote connect back address.
I: Checking header 'HTTP_X_FORWARDED_FOR'.
I: Remote address found, connecting to 192.168.99.1:9000.
E: Could not connect to client. :-(
Log closed at 2016-03-14 08:34:17

Log opened at 2016-03-14 08:34:17
I: Checking remote connect back address.
I: Checking header 'HTTP_X_FORWARDED_FOR'.
I: Remote address found, connecting to 192.168.99.1:9000.
E: Could not connect to client. :-(
Log closed at 2016-03-14 08:34:17

Log opened at 2016-03-14 08:34:17
I: Checking remote connect back address.
I: Checking header 'HTTP_X_FORWARDED_FOR'.
I: Remote address found, connecting to 192.168.99.1:9000.
E: Could not connect to client. :-(
Log closed at 2016-03-14 08:34:17

Log opened at 2016-03-14 08:34:17
I: Checking remote connect back address.
I: Checking header 'HTTP_X_FORWARDED_FOR'.
I: Remote address found, connecting to 192.168.99.1:9000.
E: Could not connect to client. :-(
Log closed at 2016-03-14 08:34:17

Log opened at 2016-03-14 08:34:18
I: Checking remote connect back address.
I: Checking header 'HTTP_X_FORWARDED_FOR'.
I: Remote address found, connecting to 192.168.99.1:9000.
E: Could not connect to client. :-(
Log closed at 2016-03-14 08:34:18

Log opened at 2016-03-14 08:34:18
I: Checking remote connect back address.
I: Checking header 'HTTP_X_FORWARDED_FOR'.
I: Remote address found, connecting to 192.168.99.1:9000.
E: Could not connect to client. :-(
Log closed at 2016-03-14 08:34:18

Log opened at 2016-03-14 08:34:18
I: Checking remote connect back address.
I: Checking header 'HTTP_X_FORWARDED_FOR'.
I: Remote address found, connecting to 192.168.99.1:9000.
E: Could not connect to client. :-(
Log closed at 2016-03-14 08:34:18

Log opened at 2016-03-14 08:34:18
I: Checking remote connect back address.
I: Checking header 'HTTP_X_FORWARDED_FOR'.
I: Remote address found, connecting to 192.168.99.1:9000.
E: Could not connect to client. :-(
Log closed at 2016-03-14 08:34:18

Log opened at 2016-03-14 08:34:18
I: Checking remote connect back address.
I: Checking header 'HTTP_X_FORWARDED_FOR'.
I: Remote address found, connecting to 192.168.99.1:9000.
E: Could not connect to client. :-(
Log closed at 2016-03-14 08:34:18

Log opened at 2016-03-14 08:34:20
I: Checking remote connect back address.
I: Checking header 'HTTP_X_FORWARDED_FOR'.
I: Remote address found, connecting to 192.168.99.1:9000.
E: Could not connect to client. :-(
Log closed at 2016-03-14 08:34:20

Log opened at 2016-03-14 08:34:20
I: Checking remote connect back address.
I: Checking header 'HTTP_X_FORWARDED_FOR'.
I: Remote address found, connecting to 192.168.99.1:9000.
E: Could not connect to client. :-(
Log closed at 2016-03-14 08:34:20

Log opened at 2016-03-14 08:34:20
I: Checking remote connect back address.
I: Checking header 'HTTP_X_FORWARDED_FOR'.
I: Remote address found, connecting to 192.168.99.1:9000.
E: Could not connect to client. :-(
Log closed at 2016-03-14 08:34:20

Log opened at 2016-03-14 08:34:20
I: Checking remote connect back address.
I: Checking header 'HTTP_X_FORWARDED_FOR'.
I: Remote address found, connecting to 192.168.99.1:9000.
E: Could not connect to client. :-(
Log closed at 2016-03-14 08:34:20

Log opened at 2016-03-14 08:34:20
I: Checking remote connect back address.
I: Checking header 'HTTP_X_FORWARDED_FOR'.
I: Remote address found, connecting to 192.168.99.1:9000.
E: Could not connect to client. :-(
Log closed at 2016-03-14 08:34:20

Log opened at 2016-03-14 08:34:20
I: Checking remote connect back address.
I: Checking header 'HTTP_X_FORWARDED_FOR'.
I: Remote address found, connecting to 192.168.99.1:9000.
E: Could not connect to client. :-(
Log closed at 2016-03-14 08:34:20

Log opened at 2016-03-14 08:34:20
I: Checking remote connect back address.
I: Checking header 'HTTP_X_FORWARDED_FOR'.
I: Remote address found, connecting to 192.168.99.1:9000.
E: Could not connect to client. :-(
Log closed at 2016-03-14 08:34:20

Log opened at 2016-03-14 08:34:20
I: Checking remote connect back address.
I: Checking header 'HTTP_X_FORWARDED_FOR'.
I: Remote address found, connecting to 192.168.99.1:9000.
E: Could not connect to client. :-(
Log closed at 2016-03-14 08:34:20

Log opened at 2016-03-14 08:34:21
I: Checking remote connect back address.
I: Checking header 'HTTP_X_FORWARDED_FOR'.
I: Remote address found, connecting to 192.168.99.1:9000.
E: Could not connect to client. :-(
Log closed at 2016-03-14 08:34:21

Log opened at 2016-03-14 08:34:21
I: Checking remote connect back address.
I: Checking header 'HTTP_X_FORWARDED_FOR'.
I: Remote address found, connecting to 192.168.99.1:9000.
E: Could not connect to client. :-(
Log closed at 2016-03-14 08:34:21

Log opened at 2016-03-14 08:34:21
I: Checking remote connect back address.
I: Checking header 'HTTP_X_FORWARDED_FOR'.
I: Remote address found, connecting to 192.168.99.1:9000.
E: Could not connect to client. :-(
Log closed at 2016-03-14 08:34:21

Log opened at 2016-03-14 08:34:21
I: Checking remote connect back address.
I: Checking header 'HTTP_X_FORWARDED_FOR'.
I: Remote address found, connecting to 192.168.99.1:9000.
E: Could not connect to client. :-(
Log closed at 2016-03-14 08:34:21

Log opened at 2016-03-14 08:34:21
I: Checking remote connect back address.
I: Checking header 'HTTP_X_FORWARDED_FOR'.
I: Remote address found, connecting to 192.168.99.1:9000.
E: Could not connect to client. :-(
Log closed at 2016-03-14 08:34:21

Log opened at 2016-03-14 08:34:21
I: Checking remote connect back address.
I: Checking header 'HTTP_X_FORWARDED_FOR'.
I: Remote address found, connecting to 192.168.99.1:9000.
E: Could not connect to client. :-(
Log closed at 2016-03-14 08:34:21

Log opened at 2016-03-14 08:34:22
I: Checking remote connect back address.
I: Checking header 'HTTP_X_FORWARDED_FOR'.
I: Remote address found, connecting to 192.168.99.1:9000.
E: Could not connect to client. :-(
Log closed at 2016-03-14 08:34:22

Log opened at 2016-03-14 08:34:22
I: Checking remote connect back address.
I: Checking header 'HTTP_X_FORWARDED_FOR'.
I: Remote address found, connecting to 192.168.99.1:9000.
E: Could not connect to client. :-(
Log closed at 2016-03-14 08:34:22

Log opened at 2016-03-14 08:34:22
I: Checking remote connect back address.
I: Checking header 'HTTP_X_FORWARDED_FOR'.
I: Remote address found, connecting to 192.168.99.1:9000.
E: Could not connect to client. :-(
Log closed at 2016-03-14 08:34:22

Log opened at 2016-03-14 08:34:22
I: Checking remote connect back address.
I: Checking header 'HTTP_X_FORWARDED_FOR'.
I: Remote address found, connecting to 192.168.99.1:9000.
E: Could not connect to client. :-(
Log closed at 2016-03-14 08:34:22

Log opened at 2016-03-14 08:52:03
I: Checking remote connect back address.
I: Checking header 'HTTP_X_FORWARDED_FOR'.
I: Remote address found, connecting to 192.168.99.1:9000.
E: Could not connect to client. :-(
Log closed at 2016-03-14 08:52:03

Log opened at 2016-03-14 08:52:04
I: Checking remote connect back address.
I: Checking header 'HTTP_X_FORWARDED_FOR'.
I: Remote address found, connecting to 192.168.99.1:9000.
E: Could not connect to client. :-(
Log closed at 2016-03-14 08:52:04

Log opened at 2016-03-14 08:52:04
I: Checking remote connect back address.
I: Checking header 'HTTP_X_FORWARDED_FOR'.
I: Remote address found, connecting to 192.168.99.1:9000.
E: Could not connect to client. :-(
Log closed at 2016-03-14 08:52:04

Log opened at 2016-03-14 08:52:04
I: Checking remote connect back address.
I: Checking header 'HTTP_X_FORWARDED_FOR'.
I: Remote address found, connecting to 192.168.99.1:9000.
E: Could not connect to client. :-(
Log closed at 2016-03-14 08:52:04

Log opened at 2016-03-14 08:52:04
I: Checking remote connect back address.
I: Checking header 'HTTP_X_FORWARDED_FOR'.
I: Remote address found, connecting to 192.168.99.1:9000.
E: Could not connect to client. :-(
Log closed at 2016-03-14 08:52:04

Log opened at 2016-03-14 08:52:04
I: Checking remote connect back address.
I: Checking header 'HTTP_X_FORWARDED_FOR'.
I: Remote address found, connecting to 192.168.99.1:9000.
E: Could not connect to client. :-(
Log closed at 2016-03-14 08:52:04

Log opened at 2016-03-14 08:52:04
I: Checking remote connect back address.
I: Checking header 'HTTP_X_FORWARDED_FOR'.
I: Remote address found, connecting to 192.168.99.1:9000.
E: Could not connect to client. :-(
Log closed at 2016-03-14 08:52:04

Log opened at 2016-03-14 08:52:05
I: Checking remote connect back address.
I: Checking header 'HTTP_X_FORWARDED_FOR'.
I: Remote address found, connecting to 192.168.99.1:9000.
E: Could not connect to client. :-(
Log closed at 2016-03-14 08:52:05

Log opened at 2016-03-14 08:52:05
I: Checking remote connect back address.
I: Checking header 'HTTP_X_FORWARDED_FOR'.
I: Remote address found, connecting to 192.168.99.1:9000.
E: Could not connect to client. :-(
Log closed at 2016-03-14 08:52:05

Log opened at 2016-03-14 08:52:05
I: Checking remote connect back address.
I: Checking header 'HTTP_X_FORWARDED_FOR'.
I: Remote address found, connecting to 192.168.99.1:9000.
E: Could not connect to client. :-(
Log closed at 2016-03-14 08:52:05

Log opened at 2016-03-14 08:52:05
I: Checking remote connect back address.
I: Checking header 'HTTP_X_FORWARDED_FOR'.
I: Remote address found, connecting to 192.168.99.1:9000.
E: Could not connect to client. :-(
Log closed at 2016-03-14 08:52:05

Log opened at 2016-03-14 08:52:06
I: Checking remote connect back address.
I: Checking header 'HTTP_X_FORWARDED_FOR'.
I: Remote address found, connecting to 192.168.99.1:9000.
E: Could not connect to client. :-(
Log closed at 2016-03-14 08:52:06

Log opened at 2016-03-14 08:52:06
I: Checking remote connect back address.
I: Checking header 'HTTP_X_FORWARDED_FOR'.
I: Remote address found, connecting to 192.168.99.1:9000.
E: Could not connect to client. :-(
Log closed at 2016-03-14 08:52:06

Log opened at 2016-03-14 08:52:06
I: Checking remote connect back address.
I: Checking header 'HTTP_X_FORWARDED_FOR'.
I: Remote address found, connecting to 192.168.99.1:9000.
E: Could not connect to client. :-(
Log closed at 2016-03-14 08:52:06

Log opened at 2016-03-14 08:52:06
I: Checking remote connect back address.
I: Checking header 'HTTP_X_FORWARDED_FOR'.
I: Remote address found, connecting to 192.168.99.1:9000.
E: Could not connect to client. :-(
Log closed at 2016-03-14 08:52:06

Log opened at 2016-03-14 08:52:06
I: Checking remote connect back address.
I: Checking header 'HTTP_X_FORWARDED_FOR'.
I: Remote address found, connecting to 192.168.99.1:9000.
E: Could not connect to client. :-(
Log closed at 2016-03-14 08:52:06

Log opened at 2016-03-14 08:52:07
I: Checking remote connect back address.
I: Checking header 'HTTP_X_FORWARDED_FOR'.
I: Remote address found, connecting to 192.168.99.1:9000.
E: Could not connect to client. :-(
Log closed at 2016-03-14 08:52:07

Log opened at 2016-03-14 08:52:07
I: Checking remote connect back address.
I: Checking header 'HTTP_X_FORWARDED_FOR'.
I: Remote address found, connecting to 192.168.99.1:9000.
E: Could not connect to client. :-(
Log closed at 2016-03-14 08:52:07

Log opened at 2016-03-14 08:52:07
I: Checking remote connect back address.
I: Checking header 'HTTP_X_FORWARDED_FOR'.
I: Remote address found, connecting to 192.168.99.1:9000.
E: Could not connect to client. :-(
Log closed at 2016-03-14 08:52:07

Log opened at 2016-03-14 08:52:07
I: Checking remote connect back address.
I: Checking header 'HTTP_X_FORWARDED_FOR'.
I: Remote address found, connecting to 192.168.99.1:9000.
E: Could not connect to client. :-(
Log closed at 2016-03-14 08:52:07

Log opened at 2016-03-14 08:52:08
I: Checking remote connect back address.
I: Checking header 'HTTP_X_FORWARDED_FOR'.
I: Remote address found, connecting to 192.168.99.1:9000.
E: Could not connect to client. :-(
Log closed at 2016-03-14 08:52:08

Log opened at 2016-03-14 08:52:08
I: Checking remote connect back address.
I: Checking header 'HTTP_X_FORWARDED_FOR'.
I: Remote address found, connecting to 192.168.99.1:9000.
E: Could not connect to client. :-(
Log closed at 2016-03-14 08:52:08

Log opened at 2016-03-14 08:52:08
I: Checking remote connect back address.
I: Checking header 'HTTP_X_FORWARDED_FOR'.
I: Remote address found, connecting to 192.168.99.1:9000.
E: Could not connect to client. :-(
Log closed at 2016-03-14 08:52:08

Log opened at 2016-03-14 08:52:08
I: Checking remote connect back address.
I: Checking header 'HTTP_X_FORWARDED_FOR'.
I: Remote address found, connecting to 192.168.99.1:9000.
E: Could not connect to client. :-(
Log closed at 2016-03-14 08:52:08

Log opened at 2016-03-14 08:52:09
I: Checking remote connect back address.
I: Checking header 'HTTP_X_FORWARDED_FOR'.
I: Remote address found, connecting to 192.168.99.1:9000.
E: Could not connect to client. :-(
Log closed at 2016-03-14 08:52:09

Log opened at 2016-03-14 08:52:09
I: Checking remote connect back address.
I: Checking header 'HTTP_X_FORWARDED_FOR'.
I: Remote address found, connecting to 192.168.99.1:9000.
E: Could not connect to client. :-(
Log closed at 2016-03-14 08:52:09

Log opened at 2016-03-14 08:52:09
I: Checking remote connect back address.
I: Checking header 'HTTP_X_FORWARDED_FOR'.
I: Remote address found, connecting to 192.168.99.1:9000.
E: Could not connect to client. :-(
Log closed at 2016-03-14 08:52:09

Log opened at 2016-03-14 08:52:09
I: Checking remote connect back address.
I: Checking header 'HTTP_X_FORWARDED_FOR'.
I: Remote address found, connecting to 192.168.99.1:9000.
E: Could not connect to client. :-(
Log closed at 2016-03-14 08:52:09

Log opened at 2016-03-14 08:52:10
I: Checking remote connect back address.
I: Checking header 'HTTP_X_FORWARDED_FOR'.
I: Remote address found, connecting to 192.168.99.1:9000.
E: Could not connect to client. :-(
Log closed at 2016-03-14 08:52:10

Log opened at 2016-03-14 08:52:10
I: Checking remote connect back address.
I: Checking header 'HTTP_X_FORWARDED_FOR'.
I: Remote address found, connecting to 192.168.99.1:9000.
E: Could not connect to client. :-(
Log closed at 2016-03-14 08:52:10

Log opened at 2016-03-14 08:52:10
I: Checking remote connect back address.
I: Checking header 'HTTP_X_FORWARDED_FOR'.
I: Remote address found, connecting to 192.168.99.1:9000.
E: Could not connect to client. :-(
Log closed at 2016-03-14 08:52:10

Log opened at 2016-03-14 08:52:10
I: Checking remote connect back address.
I: Checking header 'HTTP_X_FORWARDED_FOR'.
I: Remote address found, connecting to 192.168.99.1:9000.
E: Could not connect to client. :-(
Log closed at 2016-03-14 08:52:10

Log opened at 2016-03-14 08:52:10
I: Checking remote connect back address.
I: Checking header 'HTTP_X_FORWARDED_FOR'.
I: Remote address found, connecting to 192.168.99.1:9000.
E: Could not connect to client. :-(
Log closed at 2016-03-14 08:52:10

Log opened at 2016-03-14 08:52:10
I: Checking remote connect back address.
I: Checking header 'HTTP_X_FORWARDED_FOR'.
I: Remote address found, connecting to 192.168.99.1:9000.
E: Could not connect to client. :-(
Log closed at 2016-03-14 08:52:10

Log opened at 2016-03-14 08:52:10
I: Checking remote connect back address.
I: Checking header 'HTTP_X_FORWARDED_FOR'.
I: Remote address found, connecting to 192.168.99.1:9000.
E: Could not connect to client. :-(
Log closed at 2016-03-14 08:52:10

Log opened at 2016-03-14 08:52:10
I: Checking remote connect back address.
I: Checking header 'HTTP_X_FORWARDED_FOR'.
I: Remote address found, connecting to 192.168.99.1:9000.
E: Could not connect to client. :-(
Log closed at 2016-03-14 08:52:10

Log opened at 2016-03-14 08:52:10
I: Checking remote connect back address.
I: Checking header 'HTTP_X_FORWARDED_FOR'.
I: Remote address found, connecting to 192.168.99.1:9000.
E: Could not connect to client. :-(
Log closed at 2016-03-14 08:52:10

Log opened at 2016-03-14 08:52:10
I: Checking remote connect back address.
I: Checking header 'HTTP_X_FORWARDED_FOR'.
I: Remote address found, connecting to 192.168.99.1:9000.
E: Could not connect to client. :-(
Log closed at 2016-03-14 08:52:10

Log opened at 2016-03-14 08:52:16
I: Checking remote connect back address.
I: Checking header 'HTTP_X_FORWARDED_FOR'.
I: Remote address found, connecting to 192.168.99.1:9000.
E: Could not connect to client. :-(
Log closed at 2016-03-14 08:52:16

Log opened at 2016-03-14 08:52:16
I: Checking remote connect back address.
I: Checking header 'HTTP_X_FORWARDED_FOR'.
I: Remote address found, connecting to 192.168.99.1:9000.
E: Could not connect to client. :-(
Log closed at 2016-03-14 08:52:16

Log opened at 2016-03-14 08:52:16
I: Checking remote connect back address.
I: Checking header 'HTTP_X_FORWARDED_FOR'.
I: Remote address found, connecting to 192.168.99.1:9000.
E: Could not connect to client. :-(
Log closed at 2016-03-14 08:52:16

Log opened at 2016-03-14 08:52:16
I: Checking remote connect back address.
I: Checking header 'HTTP_X_FORWARDED_FOR'.
I: Remote address found, connecting to 192.168.99.1:9000.
E: Could not connect to client. :-(
Log closed at 2016-03-14 08:52:16

Log opened at 2016-03-14 08:52:17
I: Checking remote connect back address.
I: Checking header 'HTTP_X_FORWARDED_FOR'.
I: Remote address found, connecting to 192.168.99.1:9000.
E: Could not connect to client. :-(
Log closed at 2016-03-14 08:52:17

Log opened at 2016-03-14 08:52:17
I: Checking remote connect back address.
I: Checking header 'HTTP_X_FORWARDED_FOR'.
I: Remote address found, connecting to 192.168.99.1:9000.
E: Could not connect to client. :-(
Log closed at 2016-03-14 08:52:17

Log opened at 2016-03-14 08:52:17
I: Checking remote connect back address.
I: Checking header 'HTTP_X_FORWARDED_FOR'.
I: Remote address found, connecting to 192.168.99.1:9000.
E: Could not connect to client. :-(
Log closed at 2016-03-14 08:52:17

Log opened at 2016-03-14 08:52:17
I: Checking remote connect back address.
I: Checking header 'HTTP_X_FORWARDED_FOR'.
I: Remote address found, connecting to 192.168.99.1:9000.
E: Could not connect to client. :-(
Log closed at 2016-03-14 08:52:17

Log opened at 2016-03-14 08:52:17
I: Checking remote connect back address.
I: Checking header 'HTTP_X_FORWARDED_FOR'.
I: Remote address found, connecting to 192.168.99.1:9000.
E: Could not connect to client. :-(
Log closed at 2016-03-14 08:52:17

Log opened at 2016-03-14 08:52:17
I: Checking remote connect back address.
I: Checking header 'HTTP_X_FORWARDED_FOR'.
I: Remote address found, connecting to 192.168.99.1:9000.
E: Could not connect to client. :-(
Log closed at 2016-03-14 08:52:17

Log opened at 2016-03-14 08:52:17
I: Checking remote connect back address.
I: Checking header 'HTTP_X_FORWARDED_FOR'.
I: Remote address found, connecting to 192.168.99.1:9000.
E: Could not connect to client. :-(
Log closed at 2016-03-14 08:52:17

Log opened at 2016-03-14 08:52:18
I: Checking remote connect back address.
I: Checking header 'HTTP_X_FORWARDED_FOR'.
I: Remote address found, connecting to 192.168.99.1:9000.
E: Could not connect to client. :-(
Log closed at 2016-03-14 08:52:18

Log opened at 2016-03-14 08:52:18
I: Checking remote connect back address.
I: Checking header 'HTTP_X_FORWARDED_FOR'.
I: Remote address found, connecting to 192.168.99.1:9000.
E: Could not connect to client. :-(
Log closed at 2016-03-14 08:52:18

Log opened at 2016-03-14 08:52:18
I: Checking remote connect back address.
I: Checking header 'HTTP_X_FORWARDED_FOR'.
I: Remote address found, connecting to 192.168.99.1:9000.
E: Could not connect to client. :-(
Log closed at 2016-03-14 08:52:18

Log opened at 2016-03-14 08:52:18
I: Checking remote connect back address.
I: Checking header 'HTTP_X_FORWARDED_FOR'.
I: Remote address found, connecting to 192.168.99.1:9000.
E: Could not connect to client. :-(
Log closed at 2016-03-14 08:52:18

Log opened at 2016-03-14 08:52:19
I: Checking remote connect back address.
I: Checking header 'HTTP_X_FORWARDED_FOR'.
I: Remote address found, connecting to 192.168.99.1:9000.
E: Could not connect to client. :-(
Log closed at 2016-03-14 08:52:19

Log opened at 2016-03-14 08:52:19
I: Checking remote connect back address.
I: Checking header 'HTTP_X_FORWARDED_FOR'.
I: Remote address found, connecting to 192.168.99.1:9000.
E: Could not connect to client. :-(
Log closed at 2016-03-14 08:52:19

Log opened at 2016-03-14 08:52:19
I: Checking remote connect back address.
I: Checking header 'HTTP_X_FORWARDED_FOR'.
I: Remote address found, connecting to 192.168.99.1:9000.
E: Could not connect to client. :-(
Log closed at 2016-03-14 08:52:19

Log opened at 2016-03-14 08:52:19
I: Checking remote connect back address.
I: Checking header 'HTTP_X_FORWARDED_FOR'.
I: Remote address found, connecting to 192.168.99.1:9000.
E: Could not connect to client. :-(
Log closed at 2016-03-14 08:52:19

Log opened at 2016-03-14 08:52:20
I: Checking remote connect back address.
I: Checking header 'HTTP_X_FORWARDED_FOR'.
I: Remote address found, connecting to 192.168.99.1:9000.
E: Could not connect to client. :-(
Log closed at 2016-03-14 08:52:20

Log opened at 2016-03-14 08:52:20
I: Checking remote connect back address.
I: Checking header 'HTTP_X_FORWARDED_FOR'.
I: Remote address found, connecting to 192.168.99.1:9000.
E: Could not connect to client. :-(
Log closed at 2016-03-14 08:52:20

Log opened at 2016-03-14 08:52:20
I: Checking remote connect back address.
I: Checking header 'HTTP_X_FORWARDED_FOR'.
I: Remote address found, connecting to 192.168.99.1:9000.
E: Could not connect to client. :-(
Log closed at 2016-03-14 08:52:20

Log opened at 2016-03-14 08:52:20
I: Checking remote connect back address.
I: Checking header 'HTTP_X_FORWARDED_FOR'.
I: Remote address found, connecting to 192.168.99.1:9000.
E: Could not connect to client. :-(
Log closed at 2016-03-14 08:52:20

Log opened at 2016-03-14 08:52:21
I: Checking remote connect back address.
I: Checking header 'HTTP_X_FORWARDED_FOR'.
I: Remote address found, connecting to 192.168.99.1:9000.
E: Could not connect to client. :-(
Log closed at 2016-03-14 08:52:21

Log opened at 2016-03-14 08:52:21
I: Checking remote connect back address.
I: Checking header 'HTTP_X_FORWARDED_FOR'.
I: Remote address found, connecting to 192.168.99.1:9000.
E: Could not connect to client. :-(
Log closed at 2016-03-14 08:52:21

Log opened at 2016-03-14 08:52:21
I: Checking remote connect back address.
I: Checking header 'HTTP_X_FORWARDED_FOR'.
I: Remote address found, connecting to 192.168.99.1:9000.
E: Could not connect to client. :-(
Log closed at 2016-03-14 08:52:21

Log opened at 2016-03-14 08:52:21
I: Checking remote connect back address.
I: Checking header 'HTTP_X_FORWARDED_FOR'.
I: Remote address found, connecting to 192.168.99.1:9000.
E: Could not connect to client. :-(
Log closed at 2016-03-14 08:52:21

Log opened at 2016-03-14 08:52:22
I: Checking remote connect back address.
I: Checking header 'HTTP_X_FORWARDED_FOR'.
I: Remote address found, connecting to 192.168.99.1:9000.
E: Could not connect to client. :-(
Log closed at 2016-03-14 08:52:22

Log opened at 2016-03-14 08:52:22
I: Checking remote connect back address.
I: Checking header 'HTTP_X_FORWARDED_FOR'.
I: Remote address found, connecting to 192.168.99.1:9000.
E: Could not connect to client. :-(
Log closed at 2016-03-14 08:52:22

Log opened at 2016-03-14 08:52:22
I: Checking remote connect back address.
I: Checking header 'HTTP_X_FORWARDED_FOR'.
I: Remote address found, connecting to 192.168.99.1:9000.
E: Could not connect to client. :-(
Log closed at 2016-03-14 08:52:22

Log opened at 2016-03-14 08:52:22
I: Checking remote connect back address.
I: Checking header 'HTTP_X_FORWARDED_FOR'.
I: Remote address found, connecting to 192.168.99.1:9000.
E: Could not connect to client. :-(
Log closed at 2016-03-14 08:52:22

Log opened at 2016-03-14 08:52:22
I: Checking remote connect back address.
I: Checking header 'HTTP_X_FORWARDED_FOR'.
I: Remote address found, connecting to 192.168.99.1:9000.
E: Could not connect to client. :-(
Log closed at 2016-03-14 08:52:22

Log opened at 2016-03-14 08:52:23
I: Checking remote connect back address.
I: Checking header 'HTTP_X_FORWARDED_FOR'.
I: Remote address found, connecting to 192.168.99.1:9000.
E: Could not connect to client. :-(
Log closed at 2016-03-14 08:52:23

Log opened at 2016-03-14 08:52:24
I: Checking remote connect back address.
I: Checking header 'HTTP_X_FORWARDED_FOR'.
I: Remote address found, connecting to 192.168.99.1:9000.
E: Could not connect to client. :-(
Log closed at 2016-03-14 08:52:24

Log opened at 2016-03-14 08:52:24
I: Checking remote connect back address.
I: Checking header 'HTTP_X_FORWARDED_FOR'.
I: Remote address found, connecting to 192.168.99.1:9000.
E: Could not connect to client. :-(
Log closed at 2016-03-14 08:52:24

Log opened at 2016-03-14 08:52:24
I: Checking remote connect back address.
I: Checking header 'HTTP_X_FORWARDED_FOR'.
I: Remote address found, connecting to 192.168.99.1:9000.
E: Could not connect to client. :-(
Log closed at 2016-03-14 08:52:24

Log opened at 2016-03-14 08:52:24
I: Checking remote connect back address.
I: Checking header 'HTTP_X_FORWARDED_FOR'.
I: Remote address found, connecting to 192.168.99.1:9000.
E: Could not connect to client. :-(
Log closed at 2016-03-14 08:52:24

Log opened at 2016-03-14 08:52:24
I: Checking remote connect back address.
I: Checking header 'HTTP_X_FORWARDED_FOR'.
I: Remote address found, connecting to 192.168.99.1:9000.
E: Could not connect to client. :-(
Log closed at 2016-03-14 08:52:24

Log opened at 2016-03-14 08:52:25
I: Checking remote connect back address.
I: Checking header 'HTTP_X_FORWARDED_FOR'.
I: Remote address found, connecting to 192.168.99.1:9000.
E: Could not connect to client. :-(
Log closed at 2016-03-14 08:52:25

Log opened at 2016-03-14 08:52:25
I: Checking remote connect back address.
I: Checking header 'HTTP_X_FORWARDED_FOR'.
I: Remote address found, connecting to 192.168.99.1:9000.
E: Could not connect to client. :-(
Log closed at 2016-03-14 08:52:25

Log opened at 2016-03-14 08:52:25
I: Checking remote connect back address.
I: Checking header 'HTTP_X_FORWARDED_FOR'.
I: Remote address found, connecting to 192.168.99.1:9000.
E: Could not connect to client. :-(
Log closed at 2016-03-14 08:52:25

Log opened at 2016-03-14 08:52:25
I: Checking remote connect back address.
I: Checking header 'HTTP_X_FORWARDED_FOR'.
I: Remote address found, connecting to 192.168.99.1:9000.
E: Could not connect to client. :-(
Log closed at 2016-03-14 08:52:25

Log opened at 2016-03-14 09:02:09
I: Checking remote connect back address.
I: Checking header 'HTTP_X_FORWARDED_FOR'.
I: Checking header 'REMOTE_ADDR'.
W: Remote address not found, connecting to configured address/port: 10.72.29.214:9000. :-|
E: Time-out connecting to client. :-(
Log closed at 2016-03-14 09:02:09

Log opened at 2016-03-14 09:02:21
I: Checking remote connect back address.
I: Checking header 'HTTP_X_FORWARDED_FOR'.
I: Checking header 'REMOTE_ADDR'.
W: Remote address not found, connecting to configured address/port: 10.72.29.214:9000. :-|
E: Time-out connecting to client. :-(
Log closed at 2016-03-14 09:02:21

Log opened at 2016-03-14 09:03:13
I: Checking remote connect back address.
I: Checking header 'HTTP_X_FORWARDED_FOR'.
I: Checking header 'REMOTE_ADDR'.
W: Remote address not found, connecting to configured address/port: 10.72.29.214:9000. :-|
E: Time-out connecting to client. :-(
Log closed at 2016-03-14 09:03:13

