0 info it worked if it ends with ok
1 verbose cli [ '/Users/jima/.nodebrew/node/v5.5.0/bin/node',
1 verbose cli   '/Users/jima/.nodebrew/current/bin/npm',
1 verbose cli   'run',
1 verbose cli   'test' ]
2 info using npm@3.7.2
3 info using node@v5.5.0
4 verbose run-script [ 'pretest', 'test', 'posttest' ]
5 info lifecycle led-view@0.0.1~pretest: led-view@0.0.1
6 silly lifecycle led-view@0.0.1~pretest: no script for pretest, continuing
7 info lifecycle led-view@0.0.1~test: led-view@0.0.1
8 verbose lifecycle led-view@0.0.1~test: unsafe-perm in lifecycle true
9 verbose lifecycle led-view@0.0.1~test: PATH: /Users/jima/.nodebrew/node/v5.5.0/lib/node_modules/npm/bin/node-gyp-bin:/Users/jima/core/images/laravel/laravel-prod/data/web/app_front/node_modules/.bin:/Users/jima/.nodebrew/node/v5.5.0/bin:/usr/local/Cellar/python3/3.5.0/bin:/Users/jima/go/third-party/bin:/Users/jima/go/my-project/bin:/Users/jima/gort_0.3.0_darwin_amd64:/Users/jima/mutually_file_exchage:/Users/jima/droplets/utility_tool:/Users/jima/work/digital_ocean/src_github/mutually_file_exchage:/Users/jima/.composer/vendor/bin:/usr/local/opt/gnu-sed/libexec/gnubin:/Users/jima/work/droplets/utility_tool:/Users/jima/.rbenv/shims:/Users/jima/.nodebrew/current/bin:/usr/local/mysql/bin:/usr/local/heroku/bin:./vendor/bin:/Users/jima/.rbenv/bin:~/local/bin/icdiff:/Users/jima/myshell1:/Users/jima/myshell:/Users/jima/packer:/usr/local/bin:/usr/local/share/python:/usr/local/bin:/usr/bin:/bin:/usr/sbin:/sbin:/usr/local/sbin
10 verbose lifecycle led-view@0.0.1~test: CWD: /Users/jima/core/images/laravel/laravel-prod/data/web/app_front
11 silly lifecycle led-view@0.0.1~test: Args: [ '-c',
11 silly lifecycle   'NODE_ENV=test mocha \'test/UnitTest/**/*.js\' --recursive --compilers js:babel-core/register --require ./test/UnitTest/setup.js --require ./test/UnitTest/css-null-compiler.js' ]
12 silly lifecycle led-view@0.0.1~test: Returned: code: 1  signal: null
13 info lifecycle led-view@0.0.1~test: Failed to exec test script
14 verbose stack Error: led-view@0.0.1 test: `NODE_ENV=test mocha 'test/UnitTest/**/*.js' --recursive --compilers js:babel-core/register --require ./test/UnitTest/setup.js --require ./test/UnitTest/css-null-compiler.js`
14 verbose stack Exit status 1
14 verbose stack     at EventEmitter.<anonymous> (/Users/jima/.nodebrew/node/v5.5.0/lib/node_modules/npm/lib/utils/lifecycle.js:239:16)
14 verbose stack     at emitTwo (events.js:100:13)
14 verbose stack     at EventEmitter.emit (events.js:185:7)
14 verbose stack     at ChildProcess.<anonymous> (/Users/jima/.nodebrew/node/v5.5.0/lib/node_modules/npm/lib/utils/spawn.js:24:14)
14 verbose stack     at emitTwo (events.js:100:13)
14 verbose stack     at ChildProcess.emit (events.js:185:7)
14 verbose stack     at maybeClose (internal/child_process.js:821:16)
14 verbose stack     at Process.ChildProcess._handle.onexit (internal/child_process.js:211:5)
15 verbose pkgid led-view@0.0.1
16 verbose cwd /Users/jima/core/images/laravel/laravel-prod/data/web/app_front
17 error Darwin 14.5.0
18 error argv "/Users/jima/.nodebrew/node/v5.5.0/bin/node" "/Users/jima/.nodebrew/current/bin/npm" "run" "test"
19 error node v5.5.0
20 error npm  v3.7.2
21 error code ELIFECYCLE
22 error led-view@0.0.1 test: `NODE_ENV=test mocha 'test/UnitTest/**/*.js' --recursive --compilers js:babel-core/register --require ./test/UnitTest/setup.js --require ./test/UnitTest/css-null-compiler.js`
22 error Exit status 1
23 error Failed at the led-view@0.0.1 test script 'NODE_ENV=test mocha 'test/UnitTest/**/*.js' --recursive --compilers js:babel-core/register --require ./test/UnitTest/setup.js --require ./test/UnitTest/css-null-compiler.js'.
23 error Make sure you have the latest version of node.js and npm installed.
23 error If you do, this is most likely a problem with the led-view package,
23 error not with npm itself.
23 error Tell the author that this fails on your system:
23 error     NODE_ENV=test mocha 'test/UnitTest/**/*.js' --recursive --compilers js:babel-core/register --require ./test/UnitTest/setup.js --require ./test/UnitTest/css-null-compiler.js
23 error You can get information on how to open an issue for this project with:
23 error     npm bugs led-view
23 error Or if that isn't available, you can get their info via:
23 error     npm owner ls led-view
23 error There is likely additional logging output above.
24 verbose exit [ 1, true ]
